android/app/build/intermediates/manifest_merge_blame_file/release/manifest-merger-blame-release-report.txt
1<?xml version="1.0" encoding="utf-8"?>
2<manifest xmlns:android="http://schemas.android.com/apk/res/android"
3    package="com.generalreactproject"
4    android:versionCode="1"
5    android:versionName="1.0" >
6
7    <uses-sdk
8        android:minSdkVersion="16"
8-->src\main\AndroidManifest.xml
9        android:targetSdkVersion="29" />
9-->src\main\AndroidManifest.xml
10
11    <uses-permission android:name="android.permission.INTERNET" />
11-->src\main\AndroidManifest.xml:4:5-67
11-->src\main\AndroidManifest.xml:4:22-64
12    <uses-permission android:name="android.permission.CAMERA" />
12-->[:react-native-camera-kit] AndroidManifest.xml:11:5-65
12-->[:react-native-camera-kit] AndroidManifest.xml:11:22-62
13    <uses-permission android:name="android.permission.READ_EXTERNAL_STORAGE" />
13-->[:react-native-camera-kit] AndroidManifest.xml:12:5-80
13-->[:react-native-camera-kit] AndroidManifest.xml:12:22-77
14    <uses-permission android:name="android.permission.WRITE_EXTERNAL_STORAGE" />
14-->[:react-native-camera-kit] AndroidManifest.xml:13:5-81
14-->[:react-native-camera-kit] AndroidManifest.xml:13:22-78
15
16    <uses-feature
16-->[:react-native-scan-barcode] AndroidManifest.xml:13:5-15:36
17        android:name="android.hardware.camera"
17-->[:react-native-scan-barcode] AndroidManifest.xml:14:9-47
18        android:required="false" />
18-->[:react-native-scan-barcode] AndroidManifest.xml:15:9-33
19    <uses-feature
19-->[:react-native-scan-barcode] AndroidManifest.xml:16:5-18:36
20        android:name="android.hardware.camera.front"
20-->[:react-native-scan-barcode] AndroidManifest.xml:17:9-53
21        android:required="false" />
21-->[:react-native-scan-barcode] AndroidManifest.xml:18:9-33
22
23    <application
23-->src\main\AndroidManifest.xml:6:5-27:19
24        android:name="com.generalreactproject.MainApplication"
24-->src\main\AndroidManifest.xml:8:7-38
25        android:allowBackup="false"
25-->src\main\AndroidManifest.xml:12:7-34
26        android:appComponentFactory="androidx.core.app.CoreComponentFactory"
26-->[androidx.core:core:1.1.0] AndroidManifest.xml:24:18-86
27        android:icon="@drawable/icon"
27-->src\main\AndroidManifest.xml:10:7-36
28        android:label="@string/app_name"
28-->src\main\AndroidManifest.xml:9:7-39
29        android:roundIcon="@drawable/icon"
29-->src\main\AndroidManifest.xml:11:7-41
30        android:theme="@style/AppTheme"
30-->src\main\AndroidManifest.xml:13:7-38
31        android:usesCleartextTraffic="true" >
31-->src\main\AndroidManifest.xml:7:6-41
32        <activity
32-->src\main\AndroidManifest.xml:14:7-25:18
33            android:name="com.generalreactproject.MainActivity"
33-->src\main\AndroidManifest.xml:16:9-37
34            android:configChanges="keyboard|keyboardHidden|orientation|screenSize|uiMode"
34-->src\main\AndroidManifest.xml:18:9-86
35            android:label="@string/app_name"
35-->src\main\AndroidManifest.xml:17:9-41
36            android:launchMode="singleTask"
36-->src\main\AndroidManifest.xml:19:9-40
37            android:screenOrientation="portrait"
37-->src\main\AndroidManifest.xml:15:7-43
38            android:windowSoftInputMode="adjustResize" >
38-->src\main\AndroidManifest.xml:20:9-51
39            <intent-filter>
39-->src\main\AndroidManifest.xml:21:9-24:25
40                <action android:name="android.intent.action.MAIN" />
40-->src\main\AndroidManifest.xml:22:13-65
40-->src\main\AndroidManifest.xml:22:21-62
41
42                <category android:name="android.intent.category.LAUNCHER" />
42-->src\main\AndroidManifest.xml:23:13-73
42-->src\main\AndroidManifest.xml:23:23-70
43            </intent-filter>
44        </activity>
45        <activity android:name="com.facebook.react.devsupport.DevSettingsActivity" />
45-->src\main\AndroidManifest.xml:26:7-84
45-->src\main\AndroidManifest.xml:26:17-81
46    </application>
47
48</manifest>